[03:32:11] [ServerMain/INFO]: Environment: Environment[sessionHost=https://sessionserver.mojang.com, servicesHost=https://api.minecraftservices.com, profilesHost=https://api.mojang.com, name=PROD]
[03:32:12] [ServerMain/INFO]: No existing world data, creating new world
[03:32:13] [ServerMain/INFO]: Loaded 1461 recipes
[03:32:13] [ServerMain/INFO]: Loaded 1574 advancements
[03:32:13] [Server thread/INFO]: Starting minecraft server version 1.21.10
[03:32:13] [Server thread/INFO]: Loading properties
[03:32:13] [Server thread/INFO]: Default game type: SURVIVAL
[03:32:13] [Server thread/INFO]: Generating keypair
[03:32:13] [Server thread/INFO]: Starting Minecraft server on *:25565
[03:32:13] [Server thread/INFO]: Using epoll channel type
[03:32:13] [Server thread/WARN]: **** SERVER IS RUNNING IN OFFLINE/INSECURE MODE!
[03:32:13] [Server thread/WARN]: The server will make no attempt to authenticate usernames. Beware.
[03:32:13] [Server thread/WARN]: While this makes the game possible to play without internet access, it also opens up the ability for hackers to connect with any username they choose.
[03:32:13] [Server thread/WARN]: To change this, set "online-mode" to "true" in the server.properties file.
[03:32:13] [Server thread/INFO]: Preparing level "world"
[03:32:14] [Server thread/INFO]: Selecting global world spawn...
[03:32:19] [Server thread/INFO]: Loading 0 persistent chunks...
[03:32:19] [Server thread/INFO]: Preparing spawn area: 100%
[03:32:19] [Server thread/INFO]: Time elapsed: 4880 ms
[03:32:19] [Server thread/INFO]: Done (5.342s)! For help, type "help"
[03:33:19] [Server thread/INFO]: Server empty for 60 seconds, pausing
[03:36:05] [Server thread/INFO]: JuzMC[/127.60.14.103:39473] logged in with entity id 35 at (4.5, 70.0, -3.5)
[03:36:05] [Server thread/INFO]: JuzMC joined the game
[03:38:49] [Server thread/INFO]: JuzMC has made the advancement [Stone Age]
[03:39:14] [Server thread/INFO]: JuzMC has made the advancement [Getting an Upgrade]
[03:46:47] [Server thread/INFO]: JuzMC has made the advancement [Monster Hunter]
[04:00:24] [Server thread/INFO]: JuzMC lost connection: Disconnected
[04:00:24] [Server thread/INFO]: JuzMC left the game
[04:00:28] [Server thread/INFO]: JuzMC[/127.60.14.103:56127] logged in with entity id 8333 at (-358.2410628691283, 88.4886385542065, 1215.9115885906324)
[04:00:28] [Server thread/INFO]: JuzMC joined the game
[04:00:58] [Server thread/INFO]: JuzMC lost connection: Disconnected
[04:00:58] [Server thread/INFO]: JuzMC left the game
[04:01:58] [Server thread/INFO]: Server empty for 60 seconds, pausing
